<?xml version="1.0" encoding="UTF-8"?>
<!-- Generated by org.testng.reporters.JUnitReportReporter -->
<testsuite skipped="0" hostname="DESKTOP-3SJIT6V" name="Naveen.NaveenCodingChallenge2.testcases.date" tests="2" failures="0" timestamp="06 May 2019 10:50:03 GMT" time="0.047" errors="0">
  <testcase name="Getcurr" time="0.047" classname="Naveen.NaveenCodingChallenge2.testcases.date"/>
  <testcase name="Afterdate" time="0.000" classname="Naveen.NaveenCodingChallenge2.testcases.date"/>
</testsuite> <!-- Naveen.NaveenCodingChallenge2.testcases.date -->
