<?xml version="1.0" encoding="UTF-8"?>
<!-- Generated by org.testng.reporters.JUnitReportReporter -->
<testsuite skipped="0" hostname="DESKTOP-3SJIT6V" name="Naveen.NaveenCodingChallenge2.testcases.MMTTestCases" tests="3" failures="0" timestamp="03 May 2019 11:20:47 GMT" time="18.152" errors="0">
  <testcase name="FlightCheck" time="12.655" classname="Naveen.NaveenCodingChallenge2.testcases.MMTTestCases"/>
  <testcase name="GetAllFlights" time="4.175" classname="Naveen.NaveenCodingChallenge2.testcases.MMTTestCases"/>
  <testcase name="ExtractToptenFlights" time="1.322" classname="Naveen.NaveenCodingChallenge2.testcases.MMTTestCases"/>
</testsuite> <!-- Naveen.NaveenCodingChallenge2.testcases.MMTTestCases -->
