<?xml version="1.0" encoding="UTF-8"?>
<!-- Generated by org.testng.reporters.JUnitReportReporter -->
<testsuite skipped="0" hostname="DESKTOP-3SJIT6V" name="Naveen.NaveenCodingChallenge2.testcases.date" tests="1" failures="0" timestamp="03 May 2019 11:02:49 GMT" time="0.045" errors="0">
  <testcase name="Getcurr" time="0.045" classname="Naveen.NaveenCodingChallenge2.testcases.date"/>
</testsuite> <!-- Naveen.NaveenCodingChallenge2.testcases.date -->
